<?xml version="1.0" encoding="UTF-8"?>
<!-- Generated by org.testng.reporters.JUnitXMLReporter -->
<testsuite hostname="DESKTOP-JQI81VJ" ignored="0" name="Default test" tests="4" failures="0" timestamp="17 Aug 2020 18:33:48 GMT" time="1.562" errors="0">
  <testcase name="patchTitle" time="1.397" classname="com.careerhack.write.SimpleAopiWrite"/>
  <testcase name="putTitle" time="0.04" classname="com.careerhack.write.SimpleAopiWrite"/>
  <testcase name="simpleWrite" time="0.045" classname="com.careerhack.write.SimpleAopiWrite"/>
  <testcase name="simpleWriteR" time="0.031" classname="com.careerhack.write.SimpleAopiWrite"/>
</testsuite> <!-- Default test -->
